[2023-04-25T18:44:30.891+0100] {taskinstance.py:1090} INFO - Dependencies all met for dep_context=non-requeueable deps ti=<TaskInstance: ml_analysis_pipeline.analyze_data manual__2023-04-25T17:44:10.964126+00:00 [queued]>
[2023-04-25T18:44:30.899+0100] {taskinstance.py:1090} INFO - Dependencies all met for dep_context=requeueable deps ti=<TaskInstance: ml_analysis_pipeline.analyze_data manual__2023-04-25T17:44:10.964126+00:00 [queued]>
[2023-04-25T18:44:30.899+0100] {taskinstance.py:1288} INFO - 
--------------------------------------------------------------------------------
[2023-04-25T18:44:30.899+0100] {taskinstance.py:1289} INFO - Starting attempt 1 of 1
[2023-04-25T18:44:30.899+0100] {taskinstance.py:1290} INFO - 
--------------------------------------------------------------------------------
[2023-04-25T18:44:30.919+0100] {taskinstance.py:1309} INFO - Executing <Task(PythonOperator): analyze_data> on 2023-04-25 17:44:10.964126+00:00
[2023-04-25T18:44:30.932+0100] {standard_task_runner.py:55} INFO - Started process 197532 to run task
[2023-04-25T18:44:30.940+0100] {standard_task_runner.py:82} INFO - Running: ['airflow', 'tasks', 'run', 'ml_analysis_pipeline', 'analyze_data', 'manual__2023-04-25T17:44:10.964126+00:00', '--job-id', '31', '--raw', '--subdir', 'DAGS_FOLDER/data_ml_pipeline.py', '--cfg-path', '/tmp/tmp1ye_yo3a']
[2023-04-25T18:44:30.940+0100] {standard_task_runner.py:83} INFO - Job 31: Subtask analyze_data
[2023-04-25T18:44:31.008+0100] {task_command.py:389} INFO - Running <TaskInstance: ml_analysis_pipeline.analyze_data manual__2023-04-25T17:44:10.964126+00:00 [running]> on host cavemanPC
[2023-04-25T18:44:31.112+0100] {taskinstance.py:1516} INFO - Exporting the following env vars:
AIRFLOW_CTX_DAG_OWNER=airflow
AIRFLOW_CTX_DAG_ID=ml_analysis_pipeline
AIRFLOW_CTX_TASK_ID=analyze_data
AIRFLOW_CTX_EXECUTION_DATE=2023-04-25T17:44:10.964126+00:00
AIRFLOW_CTX_TRY_NUMBER=1
AIRFLOW_CTX_DAG_RUN_ID=manual__2023-04-25T17:44:10.964126+00:00
[2023-04-25T18:47:56.992+0100] {logging_mixin.py:137} INFO - save file with : outputs/data/output_analysis_UserWillChristodoulou_DataScience_TestData.csv
[2023-04-25T18:47:58.499+0100] {python.py:177} INFO - Done. Returned value was: None
[2023-04-25T18:47:58.976+0100] {taskinstance.py:1327} INFO - Marking task as SUCCESS. dag_id=ml_analysis_pipeline, task_id=analyze_data, execution_date=20230425T174410, start_date=20230425T174430, end_date=20230425T174758
[2023-04-25T18:47:59.479+0100] {local_task_job.py:212} INFO - Task exited with return code 0
[2023-04-25T18:47:59.658+0100] {taskinstance.py:2596} INFO - 0 downstream tasks scheduled from follow-on schedule check
