[2023-04-25T18:44:19.798+0100] {taskinstance.py:1090} INFO - Dependencies all met for dep_context=non-requeueable deps ti=<TaskInstance: ml_analysis_pipeline.download_spacy_modls manual__2023-04-25T17:44:10.964126+00:00 [queued]>
[2023-04-25T18:44:19.806+0100] {taskinstance.py:1090} INFO - Dependencies all met for dep_context=requeueable deps ti=<TaskInstance: ml_analysis_pipeline.download_spacy_modls manual__2023-04-25T17:44:10.964126+00:00 [queued]>
[2023-04-25T18:44:19.807+0100] {taskinstance.py:1288} INFO - 
--------------------------------------------------------------------------------
[2023-04-25T18:44:19.807+0100] {taskinstance.py:1289} INFO - Starting attempt 1 of 1
[2023-04-25T18:44:19.807+0100] {taskinstance.py:1290} INFO - 
--------------------------------------------------------------------------------
[2023-04-25T18:44:19.828+0100] {taskinstance.py:1309} INFO - Executing <Task(PythonOperator): download_spacy_modls> on 2023-04-25 17:44:10.964126+00:00
[2023-04-25T18:44:19.840+0100] {standard_task_runner.py:55} INFO - Started process 197095 to run task
[2023-04-25T18:44:19.846+0100] {standard_task_runner.py:82} INFO - Running: ['airflow', 'tasks', 'run', 'ml_analysis_pipeline', 'download_spacy_modls', 'manual__2023-04-25T17:44:10.964126+00:00', '--job-id', '30', '--raw', '--subdir', 'DAGS_FOLDER/data_ml_pipeline.py', '--cfg-path', '/tmp/tmpe9ls_rgm']
[2023-04-25T18:44:19.847+0100] {standard_task_runner.py:83} INFO - Job 30: Subtask download_spacy_modls
[2023-04-25T18:44:19.895+0100] {task_command.py:389} INFO - Running <TaskInstance: ml_analysis_pipeline.download_spacy_modls manual__2023-04-25T17:44:10.964126+00:00 [running]> on host cavemanPC
[2023-04-25T18:44:19.949+0100] {taskinstance.py:1516} INFO - Exporting the following env vars:
AIRFLOW_CTX_DAG_OWNER=airflow
AIRFLOW_CTX_DAG_ID=ml_analysis_pipeline
AIRFLOW_CTX_TASK_ID=download_spacy_modls
AIRFLOW_CTX_EXECUTION_DATE=2023-04-25T17:44:10.964126+00:00
AIRFLOW_CTX_TRY_NUMBER=1
AIRFLOW_CTX_DAG_RUN_ID=manual__2023-04-25T17:44:10.964126+00:00
[2023-04-25T18:44:20.779+0100] {logging_mixin.py:137} INFO - os.path.exists(output_dir): True
[2023-04-25T18:44:20.782+0100] {python.py:177} INFO - Done. Returned value was: None
[2023-04-25T18:44:20.787+0100] {taskinstance.py:1327} INFO - Marking task as SUCCESS. dag_id=ml_analysis_pipeline, task_id=download_spacy_modls, execution_date=20230425T174410, start_date=20230425T174419, end_date=20230425T174420
[2023-04-25T18:44:20.816+0100] {local_task_job.py:212} INFO - Task exited with return code 0
[2023-04-25T18:44:21.624+0100] {taskinstance.py:2596} INFO - 1 downstream tasks scheduled from follow-on schedule check
