[2023-04-25T17:49:52.907+0100] {taskinstance.py:1090} INFO - Dependencies all met for dep_context=non-requeueable deps ti=<TaskInstance: ml_analysis_pipeline.download_spacy_modls manual__2023-04-25T16:49:41.483214+00:00 [queued]>
[2023-04-25T17:49:52.923+0100] {taskinstance.py:1090} INFO - Dependencies all met for dep_context=requeueable deps ti=<TaskInstance: ml_analysis_pipeline.download_spacy_modls manual__2023-04-25T16:49:41.483214+00:00 [queued]>
[2023-04-25T17:49:52.923+0100] {taskinstance.py:1288} INFO - 
--------------------------------------------------------------------------------
[2023-04-25T17:49:52.923+0100] {taskinstance.py:1289} INFO - Starting attempt 1 of 1
[2023-04-25T17:49:52.923+0100] {taskinstance.py:1290} INFO - 
--------------------------------------------------------------------------------
[2023-04-25T17:49:52.958+0100] {taskinstance.py:1309} INFO - Executing <Task(PythonOperator): download_spacy_modls> on 2023-04-25 16:49:41.483214+00:00
[2023-04-25T17:49:52.982+0100] {standard_task_runner.py:55} INFO - Started process 108832 to run task
[2023-04-25T17:49:52.999+0100] {standard_task_runner.py:82} INFO - Running: ['airflow', 'tasks', 'run', 'ml_analysis_pipeline', 'download_spacy_modls', 'manual__2023-04-25T16:49:41.483214+00:00', '--job-id', '10', '--raw', '--subdir', 'DAGS_FOLDER/data_ml_pipeline.py', '--cfg-path', '/tmp/tmpbogikwne']
[2023-04-25T17:49:53.000+0100] {standard_task_runner.py:83} INFO - Job 10: Subtask download_spacy_modls
[2023-04-25T17:49:53.108+0100] {task_command.py:389} INFO - Running <TaskInstance: ml_analysis_pipeline.download_spacy_modls manual__2023-04-25T16:49:41.483214+00:00 [running]> on host cavemanPC
[2023-04-25T17:49:53.253+0100] {taskinstance.py:1516} INFO - Exporting the following env vars:
AIRFLOW_CTX_DAG_OWNER=airflow
AIRFLOW_CTX_DAG_ID=ml_analysis_pipeline
AIRFLOW_CTX_TASK_ID=download_spacy_modls
AIRFLOW_CTX_EXECUTION_DATE=2023-04-25T16:49:41.483214+00:00
AIRFLOW_CTX_TRY_NUMBER=1
AIRFLOW_CTX_DAG_RUN_ID=manual__2023-04-25T16:49:41.483214+00:00
[2023-04-25T17:51:19.523+0100] {local_task_job.py:212} INFO - Task exited with return code 2
[2023-04-25T17:51:20.298+0100] {taskinstance.py:2596} INFO - 0 downstream tasks scheduled from follow-on schedule check
