[2023-04-25T18:36:46.754+0100] {taskinstance.py:1090} INFO - Dependencies all met for dep_context=non-requeueable deps ti=<TaskInstance: ml_analysis_pipeline.download_spacy_modls manual__2023-04-25T17:36:39.857877+00:00 [queued]>
[2023-04-25T18:36:46.763+0100] {taskinstance.py:1090} INFO - Dependencies all met for dep_context=requeueable deps ti=<TaskInstance: ml_analysis_pipeline.download_spacy_modls manual__2023-04-25T17:36:39.857877+00:00 [queued]>
[2023-04-25T18:36:46.763+0100] {taskinstance.py:1288} INFO - 
--------------------------------------------------------------------------------
[2023-04-25T18:36:46.763+0100] {taskinstance.py:1289} INFO - Starting attempt 1 of 1
[2023-04-25T18:36:46.763+0100] {taskinstance.py:1290} INFO - 
--------------------------------------------------------------------------------
[2023-04-25T18:36:46.779+0100] {taskinstance.py:1309} INFO - Executing <Task(PythonOperator): download_spacy_modls> on 2023-04-25 17:36:39.857877+00:00
[2023-04-25T18:36:46.786+0100] {standard_task_runner.py:55} INFO - Started process 184080 to run task
[2023-04-25T18:36:46.791+0100] {standard_task_runner.py:82} INFO - Running: ['airflow', 'tasks', 'run', 'ml_analysis_pipeline', 'download_spacy_modls', 'manual__2023-04-25T17:36:39.857877+00:00', '--job-id', '27', '--raw', '--subdir', 'DAGS_FOLDER/data_ml_pipeline.py', '--cfg-path', '/tmp/tmpz8ksp0f9']
[2023-04-25T18:36:46.791+0100] {standard_task_runner.py:83} INFO - Job 27: Subtask download_spacy_modls
[2023-04-25T18:36:46.843+0100] {task_command.py:389} INFO - Running <TaskInstance: ml_analysis_pipeline.download_spacy_modls manual__2023-04-25T17:36:39.857877+00:00 [running]> on host cavemanPC
[2023-04-25T18:36:46.904+0100] {taskinstance.py:1516} INFO - Exporting the following env vars:
AIRFLOW_CTX_DAG_OWNER=airflow
AIRFLOW_CTX_DAG_ID=ml_analysis_pipeline
AIRFLOW_CTX_TASK_ID=download_spacy_modls
AIRFLOW_CTX_EXECUTION_DATE=2023-04-25T17:36:39.857877+00:00
AIRFLOW_CTX_TRY_NUMBER=1
AIRFLOW_CTX_DAG_RUN_ID=manual__2023-04-25T17:36:39.857877+00:00
[2023-04-25T18:36:47.688+0100] {logging_mixin.py:137} INFO - os.path.exists(output_dir): True
[2023-04-25T18:36:47.693+0100] {python.py:177} INFO - Done. Returned value was: None
[2023-04-25T18:36:47.700+0100] {taskinstance.py:1327} INFO - Marking task as SUCCESS. dag_id=ml_analysis_pipeline, task_id=download_spacy_modls, execution_date=20230425T173639, start_date=20230425T173646, end_date=20230425T173647
[2023-04-25T18:36:47.766+0100] {local_task_job.py:212} INFO - Task exited with return code 0
[2023-04-25T18:36:48.472+0100] {taskinstance.py:2596} INFO - 1 downstream tasks scheduled from follow-on schedule check
