[2023-04-25T17:58:41.437+0100] {taskinstance.py:1090} INFO - Dependencies all met for dep_context=non-requeueable deps ti=<TaskInstance: ml_analysis_pipeline.download_spacy_modls manual__2023-04-25T16:58:32.779250+00:00 [queued]>
[2023-04-25T17:58:41.498+0100] {taskinstance.py:1090} INFO - Dependencies all met for dep_context=requeueable deps ti=<TaskInstance: ml_analysis_pipeline.download_spacy_modls manual__2023-04-25T16:58:32.779250+00:00 [queued]>
[2023-04-25T17:58:41.498+0100] {taskinstance.py:1288} INFO - 
--------------------------------------------------------------------------------
[2023-04-25T17:58:41.498+0100] {taskinstance.py:1289} INFO - Starting attempt 1 of 1
[2023-04-25T17:58:41.498+0100] {taskinstance.py:1290} INFO - 
--------------------------------------------------------------------------------
[2023-04-25T17:58:41.606+0100] {taskinstance.py:1309} INFO - Executing <Task(PythonOperator): download_spacy_modls> on 2023-04-25 16:58:32.779250+00:00
[2023-04-25T17:58:41.618+0100] {standard_task_runner.py:55} INFO - Started process 125584 to run task
[2023-04-25T17:58:41.623+0100] {standard_task_runner.py:82} INFO - Running: ['airflow', 'tasks', 'run', 'ml_analysis_pipeline', 'download_spacy_modls', 'manual__2023-04-25T16:58:32.779250+00:00', '--job-id', '17', '--raw', '--subdir', 'DAGS_FOLDER/data_ml_pipeline.py', '--cfg-path', '/tmp/tmpj_a1k6im']
[2023-04-25T17:58:41.624+0100] {standard_task_runner.py:83} INFO - Job 17: Subtask download_spacy_modls
[2023-04-25T17:58:41.732+0100] {task_command.py:389} INFO - Running <TaskInstance: ml_analysis_pipeline.download_spacy_modls manual__2023-04-25T16:58:32.779250+00:00 [running]> on host cavemanPC
[2023-04-25T17:58:41.969+0100] {taskinstance.py:1516} INFO - Exporting the following env vars:
AIRFLOW_CTX_DAG_OWNER=airflow
AIRFLOW_CTX_DAG_ID=ml_analysis_pipeline
AIRFLOW_CTX_TASK_ID=download_spacy_modls
AIRFLOW_CTX_EXECUTION_DATE=2023-04-25T16:58:32.779250+00:00
AIRFLOW_CTX_TRY_NUMBER=1
AIRFLOW_CTX_DAG_RUN_ID=manual__2023-04-25T16:58:32.779250+00:00
[2023-04-25T17:58:42.971+0100] {python.py:177} INFO - Done. Returned value was: None
[2023-04-25T17:58:42.976+0100] {taskinstance.py:1327} INFO - Marking task as SUCCESS. dag_id=ml_analysis_pipeline, task_id=download_spacy_modls, execution_date=20230425T165832, start_date=20230425T165841, end_date=20230425T165842
[2023-04-25T17:58:43.038+0100] {local_task_job.py:212} INFO - Task exited with return code 0
[2023-04-25T17:58:43.964+0100] {taskinstance.py:2596} INFO - 1 downstream tasks scheduled from follow-on schedule check
